This is pdfTeX, Version 3.141592-1.40.3 (MiKTeX 2.6) (preloaded format=pdflatex 2007.5.4)  5 OCT 2007 12:38
entering extended mode
**C:/Raktim/Research/OPTRAGEN*Devel/ver*2/manual/manual.tex
("C:\Raktim\Research\OPTRAGEN Devel\ver 2\manual\manual.tex"
LaTeX2e <2005/12/01>
Babel <v3.8g> and hyphenation patterns for english, dumylang, nohyphenation, ge
rman, ngerman, french, loaded.
("C:\Program Files\MiKTeX 2.6\tex\latex\base\article.cls"
Document Class: article 2005/09/16 v1.4f Standard LaTeX document class
("C:\Program Files\MiKTeX 2.6\tex\latex\base\size10.clo"
File: size10.clo 2005/09/16 v1.4f Standard LaTeX file (size option)
)
\c@part=\count79
\c@section=\count80
\c@subsection=\count81
\c@subsubsection=\count82
\c@paragraph=\count83
\c@subparagraph=\count84
\c@figure=\count85
\c@table=\count86
\abovecaptionskip=\skip41
\belowcaptionskip=\skip42
\bibindent=\dimen102
)
("C:\Program Files\MiKTeX 2.6\tex\latex\amsmath\amsmath.sty"
Package: amsmath 2000/07/18 v2.13 AMS math features
\@mathmargin=\skip43

For additional information on amsmath, use the `?' option.
("C:\Program Files\MiKTeX 2.6\tex\latex\amsmath\amstext.sty"
Package: amstext 2000/06/29 v2.01

("C:\Program Files\MiKTeX 2.6\tex\latex\amsmath\amsgen.sty"
File: amsgen.sty 1999/11/30 v2.0
\@emptytoks=\toks14
\ex@=\dimen103
))
("C:\Program Files\MiKTeX 2.6\tex\latex\amsmath\amsbsy.sty"
Package: amsbsy 1999/11/29 v1.2d
\pmbraise@=\dimen104
)
("C:\Program Files\MiKTeX 2.6\tex\latex\amsmath\amsopn.sty"
Package: amsopn 1999/12/14 v2.01 operator names
)
\inf@bad=\count87
LaTeX Info: Redefining \frac on input line 211.
\uproot@=\count88
\leftroot@=\count89
LaTeX Info: Redefining \overline on input line 307.
\classnum@=\count90
\DOTSCASE@=\count91
LaTeX Info: Redefining \ldots on input line 379.
LaTeX Info: Redefining \dots on input line 382.
LaTeX Info: Redefining \cdots on input line 467.
\Mathstrutbox@=\box26
\strutbox@=\box27
\big@size=\dimen105
LaTeX Font Info:    Redeclaring font encoding OML on input line 567.
LaTeX Font Info:    Redeclaring font encoding OMS on input line 568.
\macc@depth=\count92
\c@MaxMatrixCols=\count93
\dotsspace@=\muskip10
\c@parentequation=\count94
\dspbrk@lvl=\count95
\tag@help=\toks15
\row@=\count96
\column@=\count97
\maxfields@=\count98
\andhelp@=\toks16
\eqnshift@=\dimen106
\alignsep@=\dimen107
\tagshift@=\dimen108
\tagwidth@=\dimen109
\totwidth@=\dimen110
\lineht@=\dimen111
\@envbody=\toks17
\multlinegap=\skip44
\multlinetaggap=\skip45
\mathdisplay@stack=\toks18
LaTeX Info: Redefining \[ on input line 2666.
LaTeX Info: Redefining \] on input line 2667.
)
("C:\Program Files\MiKTeX 2.6\tex\latex\preprint\fullpage.sty"
Package: fullpage 1999/02/23 1.1 (PWD)
\FP@margin=\skip46
)
("C:\Program Files\MiKTeX 2.6\tex\latex\graphics\epsfig.sty"
Package: epsfig 1999/02/16 v1.7a (e)psfig emulation (SPQR)

("C:\Program Files\MiKTeX 2.6\tex\latex\graphics\graphicx.sty"
Package: graphicx 1999/02/16 v1.0f Enhanced LaTeX Graphics (DPC,SPQR)

("C:\Program Files\MiKTeX 2.6\tex\latex\graphics\keyval.sty"
Package: keyval 1999/03/16 v1.13 key=value parser (DPC)
\KV@toks@=\toks19
)
("C:\Program Files\MiKTeX 2.6\tex\latex\graphics\graphics.sty"
Package: graphics 2006/02/20 v1.0o Standard LaTeX Graphics (DPC,SPQR)

("C:\Program Files\MiKTeX 2.6\tex\latex\graphics\trig.sty"
Package: trig 1999/03/16 v1.09 sin cos tan (DPC)
)
("C:\Program Files\MiKTeX 2.6\tex\latex\00miktex\graphics.cfg"
File: graphics.cfg 2005/12/29 v1.2 MiKTeX 'graphics' configuration
)
Package graphics Info: Driver file: pdftex.def on input line 90.

("C:\Program Files\MiKTeX 2.6\tex\latex\graphics\pdftex.def"
File: pdftex.def 2007/04/17 v0.04g Graphics/color for pdfTeX
\Gread@gobject=\count99
))
\Gin@req@height=\dimen112
\Gin@req@width=\dimen113
)
\epsfxsize=\dimen114
\epsfysize=\dimen115
) (manual.aux)
LaTeX Font Info:    Checking defaults for OML/cmm/m/it on input line 4.
LaTeX Font Info:    ... okay on input line 4.
LaTeX Font Info:    Checking defaults for T1/cmr/m/n on input line 4.
LaTeX Font Info:    ... okay on input line 4.
LaTeX Font Info:    Checking defaults for OT1/cmr/m/n on input line 4.
LaTeX Font Info:    ... okay on input line 4.
LaTeX Font Info:    Checking defaults for OMS/cmsy/m/n on input line 4.
LaTeX Font Info:    ... okay on input line 4.
LaTeX Font Info:    Checking defaults for OMX/cmex/m/n on input line 4.
LaTeX Font Info:    ... okay on input line 4.
LaTeX Font Info:    Checking defaults for U/cmr/m/n on input line 4.
LaTeX Font Info:    ... okay on input line 4.

("C:\Program Files\MiKTeX 2.6\tex\context\base\supp-pdf.tex"
[Loading MPS to PDF converter (version 2006.09.02).]
\scratchcounter=\count100
\scratchdimen=\dimen116
\scratchbox=\box28
\nofMPsegments=\count101
\nofMParguments=\count102
\MPscratchCnt=\count103
\MPscratchDim=\dimen117
\MPnumerator=\count104
\everyMPtoPDFconversion=\toks20
)
LaTeX Font Info:    Try loading font information for OMS+cmr on input line 55.
 ("C:\Program Files\MiKTeX 2.6\tex\latex\base\omscmr.fd"
File: omscmr.fd 1999/05/25 v2.5h Standard LaTeX font definitions
)
LaTeX Font Info:    Font shape `OMS/cmr/m/n' in size <10> not available
(Font)              Font shape `OMS/cmsy/m/n' tried instead on input line 55.
 [1

{psfonts.map}]
Underfull \hbox (badness 10000) in paragraph at lines 78--80

 []


Underfull \hbox (badness 10000) in paragraph at lines 87--88

 []


Underfull \hbox (badness 10000) in paragraph at lines 90--91

 []


Underfull \hbox (badness 10000) in paragraph at lines 106--111

 []


Underfull \hbox (badness 10000) in paragraph at lines 113--120

 []


Underfull \hbox (badness 10000) in paragraph at lines 121--126

 []

[2]
Underfull \hbox (badness 10000) in paragraph at lines 127--129

 []


Underfull \hbox (badness 10000) in paragraph at lines 130--133

 []



pdfTeX warning:  (file spline.pdf): PDF inclusion: found PDF version <1.5>, but
 at most version <1.4> allowed
<spline.pdf, id=25, 478.86906pt x 373.8467pt>
File: spline.pdf Graphic file (type pdf)
 <use spline.pdf> [3 <spline.pdf>]

pdfTeX warning:  (file Bsplines.pdf): PDF inclusion: found PDF version <1.5>, b
ut at most version <1.4> allowed
<Bsplines.pdf, id=33, 379.62831pt x 318.92146pt>
File: Bsplines.pdf Graphic file (type pdf)
 <use Bsplines.pdf>

pdfTeX warning:  (file transcription.pdf): PDF inclusion: found PDF version <1.
5>, but at most version <1.4> allowed
<transcription.pdf, id=34, 647.48901pt x 371.91948pt>
File: transcription.pdf Graphic file (type pdf)
 <use transcription.pdf>

LaTeX Warning: `h' float specifier changed to `ht'.


Underfull \hbox (badness 10000) in paragraph at lines 212--220

 []

[4 <Bsplines.pdf>] [5 <transcription.pdf>]
Underfull \hbox (badness 10000) in paragraph at lines 300--308

 []


Underfull \hbox (badness 10000) in paragraph at lines 309--315

 []

[6]
Underfull \hbox (badness 10000) in paragraph at lines 325--338

 []



pdfTeX warning:  (file vanderpol.pdf): PDF inclusion: found PDF version <1.5>, 
but at most version <1.4> allowed
<vanderpol.pdf, id=53, 356.24995pt x 310.6073pt>
File: vanderpol.pdf Graphic file (type pdf)
 <use vanderpol.pdf>
Underfull \hbox (badness 10000) in paragraph at lines 344--350

 []


Underfull \hbox (badness 10000) in paragraph at lines 351--355

 []


Underfull \hbox (badness 10000) in paragraph at lines 361--368

 []

[7 <vanderpol.pdf, page is rotated 90 degrees>]
Underfull \hbox (badness 10000) in paragraph at lines 399--405

 []



pdfTeX warning:  (file brachi.pdf): PDF inclusion: found PDF version <1.5>, but
 at most version <1.4> allowed
<brachi.pdf, id=68, 347.9472pt x 104.65959pt>
File: brachi.pdf Graphic file (type pdf)
 <use brachi.pdf>

LaTeX Warning: `h' float specifier changed to `ht'.


Underfull \hbox (badness 10000) in paragraph at lines 416--421

 []


Underfull \hbox (badness 10000) in paragraph at lines 422--429

 []

[8]

pdfTeX warning:  (file obstacle.pdf): PDF inclusion: found PDF version <1.5>, b
ut at most version <1.4> allowed
<obstacle.pdf, id=72, 360.14438pt x 302.3286pt>
File: obstacle.pdf Graphic file (type pdf)
 <use obstacle.pdf>

LaTeX Warning: `h' float specifier changed to `ht'.


Underfull \hbox (badness 10000) in paragraph at lines 461--465

 []

LaTeX Font Info:    Font shape `OT1/cmtt/bx/n' in size <12> not available
(Font)              Font shape `OT1/cmtt/m/n' tried instead on input line 472.

Underfull \hbox (badness 10000) in paragraph at lines 474--478

 []

[9 <brachi.pdf>]
Underfull \hbox (badness 10000) in paragraph at lines 494--495

 []


Underfull \hbox (badness 10000) in paragraph at lines 494--495

 []


Underfull \hbox (badness 10000) in paragraph at lines 494--495

 []


Underfull \hbox (badness 10000) in paragraph at lines 494--495

 []


Underfull \hbox (badness 10000) in paragraph at lines 496--498

 []


Underfull \hbox (badness 10000) in paragraph at lines 514--515

 []


Underfull \hbox (badness 10000) in paragraph at lines 514--515

 []


Underfull \hbox (badness 10000) in paragraph at lines 514--515

 []


Underfull \hbox (badness 10000) in paragraph at lines 514--515

 []


Underfull \hbox (badness 10000) in paragraph at lines 514--515

 []

[10 <obstacle.pdf>]
Underfull \hbox (badness 10000) in paragraph at lines 516--520

 []


Underfull \hbox (badness 10000) in paragraph at lines 543--544

 []


Underfull \hbox (badness 10000) in paragraph at lines 543--544

 []


Underfull \hbox (badness 10000) in paragraph at lines 543--544

 []


Overfull \hbox (13.24077pt too wide) in paragraph at lines 543--544
\OT1/cmtt/m/n/10 func = string expression defining the constraint function in t
erms of trajectory objects and
 []


Underfull \hbox (badness 10000) in paragraph at lines 543--544

 []


Underfull \hbox (badness 10000) in paragraph at lines 543--544

 []


Underfull \hbox (badness 10000) in paragraph at lines 566--567

 []


Underfull \hbox (badness 10000) in paragraph at lines 566--567

 []


Underfull \hbox (badness 10000) in paragraph at lines 566--567

 []


Overfull \hbox (13.24077pt too wide) in paragraph at lines 566--567
\OT1/cmtt/m/n/10 func = string expression defining the cost function in terms o
f trajectory objects and their
 []


Underfull \hbox (badness 10000) in paragraph at lines 566--567

 []


Underfull \hbox (badness 10000) in paragraph at lines 566--567

 []

[11]
Overfull \hbox (7.99081pt too wide) in paragraph at lines 590--593
\OT1/cmtt/m/n/10 Defines a list of trajectories. It is used to specify the traj
ectories involved in a given
 []


Underfull \hbox (badness 10000) in paragraph at lines 590--593

 []


Underfull \hbox (badness 10000) in paragraph at lines 594--596

 []


Underfull \hbox (badness 10000) in paragraph at lines 597--599

 []


Underfull \hbox (badness 10000) in paragraph at lines 600--602

 []


Overfull \hbox (18.49072pt too wide) in paragraph at lines 605--608
\OT1/cmtt/m/n/10 Defines a MATLAB cell array containing the variable names of p
arameters such as mass, length,
 []


Underfull \hbox (badness 10000) in paragraph at lines 605--608

 []

LaTeX Font Info:    Try loading font information for OMS+cmtt on input line 611
.
LaTeX Font Info:    No file OMScmtt.fd. on input line 611.

LaTeX Font Warning: Font shape `OMS/cmtt/m/n' undefined
(Font)              using `OMS/cmsy/m/n' instead
(Font)              for symbol `textbraceleft' on input line 611.


Underfull \hbox (badness 10000) in paragraph at lines 609--612

 []

[12]
Underfull \hbox (badness 10000) in paragraph at lines 613--620

 []


Underfull \hbox (badness 10000) in paragraph at lines 613--620

 []


Underfull \hbox (badness 10000) in paragraph at lines 621--623

 []


Underfull \hbox (badness 10000) in paragraph at lines 648--649

 []


Underfull \hbox (badness 10000) in paragraph at lines 648--649

 []


Overfull \hbox (34.24059pt too wide) in paragraph at lines 648--649
\OT1/cmtt/m/n/10 HL = Horizon length, vector containing the collocation points.
Final time is taken to be HL(end). 
 []

[13]
Underfull \hbox (badness 10000) in paragraph at lines 694--695

 []


Underfull \hbox (badness 10000) in paragraph at lines 703--706

 []


Underfull \hbox (badness 10000) in paragraph at lines 733--734

 []


Overfull \hbox (18.49072pt too wide) in paragraph at lines 733--734
\OT1/cmtt/m/n/10 F = Vector containing the cost and constraint functions. F(1) 
is the value of the objective.
 []


Underfull \hbox (badness 10000) in paragraph at lines 733--734

 []


Overfull \hbox (34.24059pt too wide) in paragraph at lines 733--734
\OT1/cmtt/m/n/10 inform = returns the status of the optimisation problem. See S
NOPT manual for more information. 
 []


Underfull \hbox (badness 10000) in paragraph at lines 733--734

 []


Underfull \hbox (badness 10000) in paragraph at lines 733--734

 []


Overfull \hbox (39.49054pt too wide) in paragraph at lines 733--734
\OT1/cmtt/m/n/10 LB = lower bound of the cost and constraint functions. LB(1) =
 lower bound of the cost function.
 []


Underfull \hbox (badness 10000) in paragraph at lines 733--734

 []


Overfull \hbox (39.49054pt too wide) in paragraph at lines 733--734
\OT1/cmtt/m/n/10 UB = upper bound of the cost and constraint functions. UB(1) =
 upper bound of the cost function.
 []


Underfull \hbox (badness 10000) in paragraph at lines 733--734

 []


Overfull \hbox (14.08072pt too wide) in paragraph at lines 733--734
\OT1/cmtt/m/n/10 'ocp2nlp[]cost[]and[]constraint' = MATLAB function that is cal
led by the nonlinear solver. This
 []


Overfull \hbox (23.74068pt too wide) in paragraph at lines 733--734
\OT1/cmtt/m/n/10 function in turn calls the cost and constraint functions defin
ed by the user. The user should
 []


Underfull \hbox (badness 10000) in paragraph at lines 769--770

 []


Underfull \hbox (badness 10000) in paragraph at lines 769--770

 []


Underfull \hbox (badness 10000) in paragraph at lines 769--770

 []


Overfull \hbox (49.99045pt too wide) in paragraph at lines 769--770
\OT1/cmtt/m/n/10 Sequence of trajectories in sp is the sequence of non-derivati
ve trajectories in the trajList(...). 
 []


Underfull \hbox (badness 10000) in paragraph at lines 769--770

 []


Underfull \hbox (badness 10000) in paragraph at lines 769--770

 []


Underfull \hbox (badness 10000) in paragraph at lines 769--770

 []


Underfull \hbox (badness 10000) in paragraph at lines 769--770

 []


Underfull \hbox (badness 10000) in paragraph at lines 769--770

 []


Underfull \hbox (badness 10000) in paragraph at lines 769--770

 []


Underfull \hbox (badness 10000) in paragraph at lines 769--770

 []

[14] [15] (manual.aux)

LaTeX Font Warning: Some font shapes were not available, defaults substituted.

 ) 
Here is how much of TeX's memory you used:
 1670 strings out of 95305
 18938 string characters out of 1185158
 71778 words of memory out of 1070870
 4797 multiletter control sequences out of 60000
 12133 words of font info for 44 fonts, out of 1000000 for 2000
 14 hyphenation exceptions out of 8191
 32i,12n,21p,263b,268s stack positions out of 5000i,500n,10000p,200000b,32768s
<C:/Program Files/MiKTeX 2.6/fonts/type1/bluesky/cm/cmbx10.pfb><C:/Program Fi
les/MiKTeX 2.6/fonts/type1/bluesky/cm/cmbx12.pfb><C:/Program Files/MiKTeX 2.6/f
onts/type1/bluesky/cm/cmex10.pfb><C:/Program Files/MiKTeX 2.6/fonts/type1/blues
ky/cm/cmmi10.pfb><C:/Program Files/MiKTeX 2.6/fonts/type1/bluesky/cm/cmmi5.pfb>
<C:/Program Files/MiKTeX 2.6/fonts/type1/bluesky/cm/cmmi7.pfb><C:/Program Files
/MiKTeX 2.6/fonts/type1/bluesky/cm/cmr10.pfb><C:/Program Files/MiKTeX 2.6/fonts
/type1/bluesky/cm/cmr12.pfb><C:/Program Files/MiKTeX 2.6/fonts/type1/bluesky/cm
/cmr17.pfb><C:/Program Files/MiKTeX 2.6/fonts/type1/bluesky/cm/cmr5.pfb><C:/Pro
gram Files/MiKTeX 2.6/fonts/type1/bluesky/cm/cmr7.pfb><C:/Program Files/MiKTeX 
2.6/fonts/type1/bluesky/cm/cmsl12.pfb><C:/Program Files/MiKTeX 2.6/fonts/type1/
bluesky/cm/cmss10.pfb><C:/Program Files/MiKTeX 2.6/fonts/type1/bluesky/cm/cmsy1
0.pfb><C:/Program Files/MiKTeX 2.6/fonts/type1/bluesky/cm/cmsy7.pfb><C:/Program
 Files/MiKTeX 2.6/fonts/type1/bluesky/cm/cmti10.pfb><C:/Program Files/MiKTeX 2.
6/fonts/type1/bluesky/cm/cmtt10.pfb><C:/Program Files/MiKTeX 2.6/fonts/type1/bl
uesky/cm/cmtt12.pfb><C:/Program Files/MiKTeX 2.6/fonts/type1/bluesky/cm/cmtt9.p
fb>
Output written on manual.pdf (15 pages, 548544 bytes).
PDF statistics:
 165 PDF objects out of 300000 (max. 8388607)
 0 named destinations out of 300000 (max. 131072)
 31 words of extra memory for PDF output out of 65536 (max. 10000000)

